<?xml version="1.0" encoding="UTF-8"?>
<!-- Generated by org.testng.reporters.JUnitReportReporter -->
<testsuite hostname="IN-HKTHST2" failures="0" tests="1" name="HomePageTestScript.TC20_Test" time="8.984" errors="0" timestamp="2024-06-06T17:06:07 IST" skipped="0">
  <testcase classname="HomePageTestScript.TC20_Test" name="digitallinktext" time="8.984"/>
</testsuite> <!-- HomePageTestScript.TC20_Test -->
