<?xml version="1.0" encoding="UTF-8"?>
<!-- Generated by org.testng.reporters.JUnitReportReporter -->
<testsuite hostname="IN-HKTHST2" failures="0" tests="1" name="TestScript.TC02_Test" time="13.064" errors="0" timestamp="2024-05-31T12:22:35 IST" skipped="0">
  <testcase classname="TestScript.TC02_Test" name="scrolldown" time="13.064"/>
</testsuite> <!-- TestScript.TC02_Test -->
