<?xml version="1.0" encoding="UTF-8"?>
<!-- Generated by org.testng.reporters.JUnitReportReporter -->
<testsuite hostname="IN-HKTHST2" failures="0" tests="1" name="HomePageTestScript.TC02_Test" time="5.465" errors="0" timestamp="2024-06-04T16:03:08 IST" skipped="0">
  <testcase classname="HomePageTestScript.TC02_Test" name="newsletter" time="5.465"/>
</testsuite> <!-- HomePageTestScript.TC02_Test -->
