<?xml version="1.0" encoding="UTF-8"?>
<!-- Generated by org.testng.reporters.JUnitReportReporter -->
<testsuite hostname="IN-HKTHST2" failures="0" tests="1" name="TestScript.TC01_Test" time="7.467" errors="0" timestamp="2024-05-30T17:27:41 IST" skipped="0">
  <testcase classname="TestScript.TC01_Test" name="Jewelery" time="7.467"/>
</testsuite> <!-- TestScript.TC01_Test -->
