<?xml version="1.0" encoding="UTF-8"?>
<!-- Generated by org.testng.reporters.JUnitReportReporter -->
<testsuite hostname="IN-HKTHST2" failures="0" tests="1" name="HomePageTestScript.TC08_Test" time="9.213" errors="0" timestamp="2024-06-06T17:06:07 IST" skipped="0">
  <testcase classname="HomePageTestScript.TC08_Test" name="digitaldownloadlink" time="9.213"/>
</testsuite> <!-- HomePageTestScript.TC08_Test -->
