<?xml version="1.0" encoding="UTF-8"?>
<!-- Generated by org.testng.reporters.JUnitReportReporter -->
<testsuite hostname="IN-HKTHST2" failures="0" tests="1" name="HomePageTestScript.TC21_Test" time="11.808" errors="0" timestamp="2024-06-06T17:06:07 IST" skipped="0">
  <testcase classname="HomePageTestScript.TC21_Test" name="giftlinktext" time="11.808"/>
</testsuite> <!-- HomePageTestScript.TC21_Test -->
