<?xml version="1.0" encoding="UTF-8"?>
<!-- Generated by org.testng.reporters.JUnitReportReporter -->
<testsuite hostname="IN-HKTHST2" failures="0" tests="1" name="TestScript.TC01_Test" time="19.237" errors="0" timestamp="2024-06-04T15:14:10 IST" skipped="0">
  <testcase classname="TestScript.TC01_Test" name="Jewelery" time="19.237">
    <system-out>
      <![CDATA[user is able to click on jewelery link text]]>
    </system-out>
  </testcase> <!-- Jewelery -->
  <system-out>
    <![CDATA[user is able to click on jewelery link text]]>
  </system-out>
</testsuite> <!-- TestScript.TC01_Test -->
