<?xml version="1.0" encoding="UTF-8"?>
<!-- Generated by org.testng.reporters.JUnitReportReporter -->
<testsuite hostname="IN-HKTHST2" failures="0" tests="1" name="HomePageTestScript.TC01_Test" time="6.293" errors="0" timestamp="2024-06-04T16:02:14 IST" skipped="0">
  <testcase classname="HomePageTestScript.TC01_Test" name="Searchbox" time="6.293"/>
</testsuite> <!-- HomePageTestScript.TC01_Test -->
