<?xml version="1.0" encoding="UTF-8"?>
<!-- Generated by org.testng.reporters.JUnitReportReporter -->
<testsuite hostname="IN-HKTHST2" failures="0" tests="1" name="HomePageTestScript.TC22_Test" time="11.522" errors="0" timestamp="2024-06-06T17:06:07 IST" skipped="0">
  <testcase classname="HomePageTestScript.TC22_Test" name="jewelerylinktext1" time="11.522"/>
</testsuite> <!-- HomePageTestScript.TC22_Test -->
